mode: set
github.com/DiasOrazbaev/greenlight/internal/data/runtime.go:19.48,29.2 3 0
github.com/DiasOrazbaev/greenlight/internal/data/runtime.go:36.57,42.16 2 0
github.com/DiasOrazbaev/greenlight/internal/data/runtime.go:47.2,51.43 2 0
github.com/DiasOrazbaev/greenlight/internal/data/runtime.go:57.2,58.16 2 0
github.com/DiasOrazbaev/greenlight/internal/data/runtime.go:65.2,67.12 2 0
github.com/DiasOrazbaev/greenlight/internal/data/runtime.go:42.16,44.3 1 0
github.com/DiasOrazbaev/greenlight/internal/data/runtime.go:51.43,53.3 1 0
github.com/DiasOrazbaev/greenlight/internal/data/runtime.go:58.16,60.3 1 0
github.com/DiasOrazbaev/greenlight/cmd/api/errors.go:11.62,13.2 1 0
github.com/DiasOrazbaev/greenlight/cmd/api/errors.go:19.112,26.16 3 0
github.com/DiasOrazbaev/greenlight/cmd/api/errors.go:26.16,29.3 2 0
github.com/DiasOrazbaev/greenlight/cmd/api/errors.go:36.96,41.2 3 0
github.com/DiasOrazbaev/greenlight/cmd/api/errors.go:45.82,48.2 2 0
github.com/DiasOrazbaev/greenlight/cmd/api/errors.go:52.90,55.2 2 0
github.com/DiasOrazbaev/greenlight/cmd/api/errors.go:58.95,60.2 1 0
github.com/DiasOrazbaev/greenlight/cmd/api/errors.go:66.116,68.2 1 0
github.com/DiasOrazbaev/greenlight/cmd/api/healthcheck.go:7.84,19.16 3 0
github.com/DiasOrazbaev/greenlight/cmd/api/healthcheck.go:23.2,23.8 1 0
github.com/DiasOrazbaev/greenlight/cmd/api/healthcheck.go:19.16,22.3 2 0
github.com/DiasOrazbaev/greenlight/cmd/api/main.go:28.13,63.2 10 0
github.com/DiasOrazbaev/greenlight/internal/data/movies.go:26.58,46.2 11 0
github.com/DiasOrazbaev/greenlight/cmd/api/helpers.go:20.69,24.26 3 0
github.com/DiasOrazbaev/greenlight/cmd/api/helpers.go:28.2,28.16 1 0
github.com/DiasOrazbaev/greenlight/cmd/api/helpers.go:24.26,26.3 1 0
github.com/DiasOrazbaev/greenlight/cmd/api/helpers.go:32.29,36.16 2 0
github.com/DiasOrazbaev/greenlight/cmd/api/helpers.go:41.2,48.34 2 0
github.com/DiasOrazbaev/greenlight/cmd/api/helpers.go:53.2,55.47 3 0
github.com/DiasOrazbaev/greenlight/cmd/api/helpers.go:60.2,60.12 1 0
github.com/DiasOrazbaev/greenlight/cmd/api/helpers.go:36.16,38.3 1 0
github.com/DiasOrazbaev/greenlight/cmd/api/helpers.go:48.34,50.3 1 0
github.com/DiasOrazbaev/greenlight/cmd/api/helpers.go:55.47,58.3 2 0
github.com/DiasOrazbaev/greenlight/cmd/api/helpers.go:65.97,80.16 6 0
github.com/DiasOrazbaev/greenlight/cmd/api/helpers.go:151.2,152.19 2 0
github.com/DiasOrazbaev/greenlight/cmd/api/helpers.go:156.2,156.12 1 0
github.com/DiasOrazbaev/greenlight/cmd/api/helpers.go:80.16,86.10 4 0
github.com/DiasOrazbaev/greenlight/cmd/api/helpers.go:90.37,91.93 1 0
github.com/DiasOrazbaev/greenlight/cmd/api/helpers.go:97.44,98.56 1 0
github.com/DiasOrazbaev/greenlight/cmd/api/helpers.go:104.44,105.38 1 0
github.com/DiasOrazbaev/greenlight/cmd/api/helpers.go:109.4,110.31 1 0
github.com/DiasOrazbaev/greenlight/cmd/api/helpers.go:114.31,115.47 1 0
github.com/DiasOrazbaev/greenlight/cmd/api/helpers.go:123.63,125.64 2 0
github.com/DiasOrazbaev/greenlight/cmd/api/helpers.go:130.54,131.72 1 0
github.com/DiasOrazbaev/greenlight/cmd/api/helpers.go:138.47,139.14 1 0
github.com/DiasOrazbaev/greenlight/cmd/api/helpers.go:142.11,143.14 1 0
github.com/DiasOrazbaev/greenlight/cmd/api/helpers.go:105.38,108.5 1 0
github.com/DiasOrazbaev/greenlight/cmd/api/helpers.go:152.19,154.3 1 0
github.com/DiasOrazbaev/greenlight/cmd/api/movies.go:14.84,29.16 3 0
github.com/DiasOrazbaev/greenlight/cmd/api/movies.go:35.2,47.46 3 0
github.com/DiasOrazbaev/greenlight/cmd/api/movies.go:53.2,54.16 2 0
github.com/DiasOrazbaev/greenlight/cmd/api/movies.go:29.16,32.3 2 0
github.com/DiasOrazbaev/greenlight/cmd/api/movies.go:47.46,50.3 2 0
github.com/DiasOrazbaev/greenlight/cmd/api/movies.go:54.16,57.3 2 0
github.com/DiasOrazbaev/greenlight/cmd/api/movies.go:62.82,67.26 2 0
github.com/DiasOrazbaev/greenlight/cmd/api/movies.go:74.2,86.16 3 0
github.com/DiasOrazbaev/greenlight/cmd/api/movies.go:91.2,91.8 1 0
github.com/DiasOrazbaev/greenlight/cmd/api/movies.go:67.26,70.3 2 0
github.com/DiasOrazbaev/greenlight/cmd/api/movies.go:86.16,89.3 2 0
github.com/DiasOrazbaev/greenlight/cmd/api/routes.go:9.53,25.2 7 0
github.com/DiasOrazbaev/greenlight/internal/validator/validator.go:19.23,21.2 1 0
github.com/DiasOrazbaev/greenlight/internal/validator/validator.go:24.34,26.2 1 0
github.com/DiasOrazbaev/greenlight/internal/validator/validator.go:30.51,31.41 1 0
github.com/DiasOrazbaev/greenlight/internal/validator/validator.go:31.41,33.3 1 0
github.com/DiasOrazbaev/greenlight/internal/validator/validator.go:37.57,38.9 1 0
github.com/DiasOrazbaev/greenlight/internal/validator/validator.go:38.9,40.3 1 0
github.com/DiasOrazbaev/greenlight/internal/validator/validator.go:44.44,45.22 1 1
github.com/DiasOrazbaev/greenlight/internal/validator/validator.go:50.2,50.14 1 1
github.com/DiasOrazbaev/greenlight/internal/validator/validator.go:45.22,46.23 1 1
github.com/DiasOrazbaev/greenlight/internal/validator/validator.go:46.23,48.4 1 1
github.com/DiasOrazbaev/greenlight/internal/validator/validator.go:54.52,56.2 1 0
github.com/DiasOrazbaev/greenlight/internal/validator/validator.go:59.35,62.31 2 0
github.com/DiasOrazbaev/greenlight/internal/validator/validator.go:66.2,66.41 1 0
github.com/DiasOrazbaev/greenlight/internal/validator/validator.go:62.31,64.3 1 0
